<?xml version="1.0" encoding="UTF-8"?>
<testsuite name="tests.LoginTests" tests="1" skipped="0" failures="0" errors="0" timestamp="2023-07-20T11:59:51" hostname="DESKTOP-0SQU6JC" time="5.314">
  <properties/>
  <testcase name="loginPositiveTestProps" classname="tests.LoginTests" time="5.314"/>
  <system-out><![CDATA[]]></system-out>
  <system-err><![CDATA[]]></system-err>
</testsuite>
